<?xml version="1.0" encoding="UTF-8"?>
<!-- Generated by org.testng.reporters.JUnitXMLReporter -->
<testsuite hostname="KAMLESH" ignored="0" name="Test" tests="1" failures="0" timestamp="19 Aug 2018 07:14:55 GMT" time="5.412" errors="0">
  <testcase name="@BeforeTest setUp" time="5.287" classname="pageFactoryCore.OpenAndCloseBrowser">
    <failure type="java.lang.NoClassDefFoundError" message="org/openqa/selenium/MutableCapabilities">
      <![CDATA[java.lang.NoClassDefFoundError: org/openqa/selenium/MutableCapabilities
at java.lang.ClassLoader.defineClass1(Native Method)
at java.lang.ClassLoader.defineClass(ClassLoader.java:763)
at java.security.SecureClassLoader.defineClass(SecureClassLoader.java:142)
at java.net.URLClassLoader.defineClass(URLClassLoader.java:467)
at java.net.URLClassLoader.access$100(URLClassLoader.java:73)
at java.net.URLClassLoader$1.run(URLClassLoader.java:368)
at java.net.URLClassLoader$1.run(URLClassLoader.java:362)
at java.security.AccessController.doPrivileged(Native Method)
at java.net.URLClassLoader.findClass(URLClassLoader.java:361)
at java.lang.ClassLoader.loadClass(ClassLoader.java:424)
at sun.misc.Launcher$AppClassLoader.loadClass(Launcher.java:349)
at java.lang.ClassLoader.loadClass(ClassLoader.java:357)
at org.openqa.selenium.chrome.ChromeDriver.<init>(ChromeDriver.java:123)
at pageFactoryCore.OpenAndCloseBrowser.setUp(OpenAndCloseBrowser.java:19)
Caused by: java.lang.ClassNotFoundException: org.openqa.selenium.MutableCapabilities
at java.net.URLClassLoader.findClass(URLClassLoader.java:381)
at java.lang.ClassLoader.loadClass(ClassLoader.java:424)
at sun.misc.Launcher$AppClassLoader.loadClass(Launcher.java:349)
at java.lang.ClassLoader.loadClass(ClassLoader.java:357)
... 38 more
... Removed 24 stack frames]]>
    </failure>
  </testcase> <!-- @BeforeTest setUp -->
  <testcase name="@BeforeMethod initialize" time="0.0" classname="pageFactoryCore.Initialize">
    <skipped/>
  </testcase> <!-- @BeforeMethod initialize -->
  <testcase name="LoginAmazon" time="0.0" classname="home.LoginPF">
    <skipped/>
  </testcase> <!-- LoginAmazon -->
</testsuite> <!-- Test -->
